<?xml version="1.0" encoding="UTF-8"?>
<coverage generated="1786363297832" clover="3.2.0">
  <project timestamp="1786363297832" name="All files">
    <metrics statements="23" coveredstatements="21" conditionals="17" coveredconditionals="11" methods="8" coveredmethods="6" elements="48" coveredelements="38" complexity="0" loc="23" ncloc="23" packages="2" files="3" classes="3"/>
    <package name="input">
      <metrics statements="0" coveredstatements="0" conditionals="0" coveredconditionals="0" methods="0" coveredmethods="0"/>
      <file name="index.ts" path="D:\workspace\front-end\vue-form-rw-dispatcher\packages\element-plus\components\input\index.ts">
        <metrics statements="0" coveredstatements="0" conditionals="0" coveredconditionals="0" methods="0" coveredmethods="0"/>
      </file>
    </package>
    <package name="input.src">
      <metrics statements="23" coveredstatements="21" conditionals="17" coveredconditionals="11" methods="8" coveredmethods="6"/>
      <file name="input.tsx" path="D:\workspace\front-end\vue-form-rw-dispatcher\packages\element-plus\components\input\src\input.tsx">
        <metrics statements="3" coveredstatements="3" conditionals="0" coveredconditionals="0" methods="2" coveredmethods="2"/>
        <line num="8" count="1" type="stmt"/>
        <line num="10" count="2" type="stmt"/>
        <line num="12" count="7" type="stmt"/>
      </file>
      <file name="reader.vue" path="D:\workspace\front-end\vue-form-rw-dispatcher\packages\element-plus\components\input\src\reader.vue">
        <metrics statements="20" coveredstatements="18" conditionals="17" coveredconditionals="11" methods="6" coveredmethods="4"/>
        <line num="2" count="7" type="stmt"/>
        <line num="23" count="0" type="stmt"/>
        <line num="31" count="1" type="stmt"/>
        <line num="46" count="0" type="cond" truecount="2" falsecount="0"/>
        <line num="48" count="1" type="stmt"/>
        <line num="62" count="5" type="stmt"/>
        <line num="67" count="5" type="stmt"/>
        <line num="68" count="5" type="stmt"/>
        <line num="69" count="5" type="stmt"/>
        <line num="70" count="5" type="stmt"/>
        <line num="71" count="5" type="stmt"/>
        <line num="72" count="5" type="stmt"/>
        <line num="74" count="5" type="cond" truecount="1" falsecount="1"/>
        <line num="76" count="5" type="stmt"/>
        <line num="77" count="7" type="stmt"/>
        <line num="78" count="7" type="cond" truecount="2" falsecount="0"/>
        <line num="79" count="2" type="stmt"/>
        <line num="81" count="5" type="cond" truecount="2" falsecount="0"/>
        <line num="85" count="1" type="stmt"/>
        <line num="87" count="4" type="stmt"/>
      </file>
    </package>
  </project>
</coverage>
