<?xml version="1.0" encoding="UTF-8"?>
<coverage generated="1786581784457" clover="3.2.0">
  <project timestamp="1786581784457" name="All files">
    <metrics statements="46" coveredstatements="46" conditionals="36" coveredconditionals="32" methods="19" coveredmethods="19" elements="101" coveredelements="97" complexity="0" loc="46" ncloc="46" packages="2" files="3" classes="3"/>
    <package name="select">
      <metrics statements="0" coveredstatements="0" conditionals="0" coveredconditionals="0" methods="0" coveredmethods="0"/>
      <file name="index.ts" path="D:\workspace\front-end\vue-form-rw-dispatcher\packages\element-plus\components\select\index.ts">
        <metrics statements="0" coveredstatements="0" conditionals="0" coveredconditionals="0" methods="0" coveredmethods="0"/>
      </file>
    </package>
    <package name="select.src">
      <metrics statements="46" coveredstatements="46" conditionals="36" coveredconditionals="32" methods="19" coveredmethods="19"/>
      <file name="reader.vue" path="D:\workspace\front-end\vue-form-rw-dispatcher\packages\element-plus\components\select\src\reader.vue">
        <metrics statements="43" coveredstatements="43" conditionals="36" coveredconditionals="32" methods="17" coveredmethods="17"/>
        <line num="2" count="15" type="stmt"/>
        <line num="22" count="2" type="stmt"/>
        <line num="27" count="2" type="stmt"/>
        <line num="35" count="2" type="stmt"/>
        <line num="40" count="2" type="stmt"/>
        <line num="51" count="20" type="stmt"/>
        <line num="73" count="12" type="stmt"/>
        <line num="78" count="12" type="stmt"/>
        <line num="79" count="12" type="stmt"/>
        <line num="80" count="12" type="stmt"/>
        <line num="81" count="12" type="stmt"/>
        <line num="82" count="12" type="stmt"/>
        <line num="83" count="12" type="stmt"/>
        <line num="84" count="12" type="stmt"/>
        <line num="86" count="12" type="cond" truecount="2" falsecount="0"/>
        <line num="88" count="12" type="stmt"/>
        <line num="89" count="11" type="stmt"/>
        <line num="91" count="11" type="cond" truecount="2" falsecount="0"/>
        <line num="92" count="1" type="stmt"/>
        <line num="94" count="1" type="stmt"/>
        <line num="97" count="1" type="stmt"/>
        <line num="99" count="16" type="stmt"/>
        <line num="100" count="10" type="cond" truecount="2" falsecount="0"/>
        <line num="103" count="12" type="stmt"/>
        <line num="104" count="3" type="stmt"/>
        <line num="105" count="3" type="cond" truecount="2" falsecount="0"/>
        <line num="106" count="2" type="stmt"/>
        <line num="107" count="6" type="stmt"/>
        <line num="110" count="3" type="stmt"/>
        <line num="114" count="12" type="stmt"/>
        <line num="115" count="24" type="cond" truecount="2" falsecount="0"/>
        <line num="116" count="2" type="cond" truecount="1" falsecount="1"/>
        <line num="117" count="2" type="stmt"/>
        <line num="118" count="2" type="stmt"/>
        <line num="119" count="8" type="stmt"/>
        <line num="120" count="14" type="cond" truecount="4" falsecount="0"/>
        <line num="121" count="8" type="stmt"/>
        <line num="122" count="6" type="cond" truecount="2" falsecount="0"/>
        <line num="123" count="2" type="stmt"/>
        <line num="125" count="4" type="cond" truecount="1" falsecount="1"/>
        <line num="129" count="2" type="stmt"/>
        <line num="130" count="8" type="cond" truecount="1" falsecount="1"/>
        <line num="132" count="22" type="cond" truecount="2" falsecount="0"/>
      </file>
      <file name="select.tsx" path="D:\workspace\front-end\vue-form-rw-dispatcher\packages\element-plus\components\select\src\select.tsx">
        <metrics statements="3" coveredstatements="3" conditionals="0" coveredconditionals="0" methods="2" coveredmethods="2"/>
        <line num="8" count="1" type="stmt"/>
        <line num="10" count="1" type="stmt"/>
        <line num="12" count="13" type="stmt"/>
      </file>
    </package>
  </project>
</coverage>
