{"D:\\workspace\\front-end\\vue-form-rw-dispatcher\\packages\\element-plus\\components\\select\\index.ts": {"path":"D:\\workspace\\front-end\\vue-form-rw-dispatcher\\packages\\element-plus\\components\\select\\index.ts","statementMap":{},"fnMap":{},"branchMap":{},"s":{},"f":{},"b":{},"meta":{"lastBranch":0,"lastFunction":0,"lastStatement":0,"seen":{},"fnNames":{}}}
,"D:\\workspace\\front-end\\vue-form-rw-dispatcher\\packages\\element-plus\\components\\select\\src\\reader.vue": {"path":"D:\\workspace\\front-end\\vue-form-rw-dispatcher\\packages\\element-plus\\components\\select\\src\\reader.vue","statementMap":{"0":{"start":{"line":73,"column":14},"end":{"line":73,"column":null}},"1":{"start":{"line":78,"column":6},"end":{"line":78,"column":null}},"2":{"start":{"line":79,"column":6},"end":{"line":79,"column":null}},"3":{"start":{"line":80,"column":6},"end":{"line":80,"column":null}},"4":{"start":{"line":81,"column":6},"end":{"line":81,"column":null}},"5":{"start":{"line":82,"column":6},"end":{"line":82,"column":null}},"6":{"start":{"line":83,"column":6},"end":{"line":83,"column":null}},"7":{"start":{"line":84,"column":6},"end":{"line":84,"column":null}},"8":{"start":{"line":86,"column":6},"end":{"line":86,"column":null}},"9":{"start":{"line":86,"column":32},"end":{"line":86,"column":57}},"10":{"start":{"line":88,"column":6},"end":{"line":101,"column":null}},"11":{"start":{"line":89,"column":25},"end":{"line":89,"column":null}},"12":{"start":{"line":91,"column":2},"end":{"line":98,"column":null}},"13":{"start":{"line":92,"column":4},"end":{"line":96,"column":null}},"14":{"start":{"line":94,"column":8},"end":{"line":95,"column":null}},"15":{"start":{"line":97,"column":4},"end":{"line":97,"column":null}},"16":{"start":{"line":99,"column":2},"end":{"line":99,"column":null}},"17":{"start":{"line":99,"column":39},"end":{"line":99,"column":73}},"18":{"start":{"line":100,"column":2},"end":{"line":100,"column":null}},"19":{"start":{"line":103,"column":6},"end":{"line":112,"column":null}},"20":{"start":{"line":104,"column":25},"end":{"line":104,"column":null}},"21":{"start":{"line":105,"column":2},"end":{"line":111,"column":null}},"22":{"start":{"line":106,"column":4},"end":{"line":108,"column":null}},"23":{"start":{"line":107,"column":6},"end":{"line":107,"column":null}},"24":{"start":{"line":110,"column":4},"end":{"line":110,"column":null}},"25":{"start":{"line":110,"column":41},"end":{"line":110,"column":75}},"26":{"start":{"line":114,"column":0},"end":{"line":134,"column":null}},"27":{"start":{"line":115,"column":2},"end":{"line":133,"column":null}},"28":{"start":{"line":116,"column":24},"end":{"line":116,"column":null}},"29":{"start":{"line":117,"column":31},"end":{"line":117,"column":null}},"30":{"start":{"line":118,"column":21},"end":{"line":128,"column":null}},"31":{"start":{"line":119,"column":6},"end":{"line":127,"column":null}},"32":{"start":{"line":120,"column":8},"end":{"line":126,"column":null}},"33":{"start":{"line":121,"column":10},"end":{"line":121,"column":null}},"34":{"start":{"line":122,"column":8},"end":{"line":126,"column":null}},"35":{"start":{"line":123,"column":10},"end":{"line":123,"column":null}},"36":{"start":{"line":125,"column":10},"end":{"line":125,"column":null}},"37":{"start":{"line":129,"column":4},"end":{"line":129,"column":null}},"38":{"start":{"line":130,"column":4},"end":{"line":130,"column":null}},"39":{"start":{"line":130,"column":45},"end":{"line":130,"column":62}},"40":{"start":{"line":132,"column":4},"end":{"line":132,"column":null}},"41":{"start":{"line":2,"column":2},"end":{"line":52,"column":55}},"42":{"start":{"line":22,"column":10},"end":{"line":27,"column":58}},"43":{"start":{"line":27,"column":58},"end":{"line":27,"column":58}},"44":{"start":{"line":35,"column":8},"end":{"line":40,"column":25}},"45":{"start":{"line":40,"column":25},"end":{"line":40,"column":25}},"46":{"start":{"line":51,"column":70},"end":{"line":52,"column":55}}},"fnMap":{"0":{"name":"(anonymous_0)","decl":{"start":{"line":86,"column":26},"end":{"line":86,"column":32}},"loc":{"start":{"line":86,"column":32},"end":{"line":86,"column":57}},"line":86},"1":{"name":"(anonymous_1)","decl":{"start":{"line":88,"column":23},"end":{"line":88,"column":29}},"loc":{"start":{"line":88,"column":29},"end":{"line":101,"column":1}},"line":88},"2":{"name":"(anonymous_2)","decl":{"start":{"line":93,"column":6},"end":{"line":93,"column":7}},"loc":{"start":{"line":94,"column":8},"end":{"line":95,"column":null}},"line":94},"3":{"name":"(anonymous_3)","decl":{"start":{"line":99,"column":30},"end":{"line":99,"column":31}},"loc":{"start":{"line":99,"column":39},"end":{"line":99,"column":73}},"line":99},"4":{"name":"(anonymous_4)","decl":{"start":{"line":103,"column":33},"end":{"line":103,"column":39}},"loc":{"start":{"line":103,"column":39},"end":{"line":112,"column":1}},"line":103},"5":{"name":"(anonymous_5)","decl":{"start":{"line":106,"column":32},"end":{"line":106,"column":33}},"loc":{"start":{"line":107,"column":6},"end":{"line":107,"column":null}},"line":107},"6":{"name":"(anonymous_6)","decl":{"start":{"line":110,"column":32},"end":{"line":110,"column":33}},"loc":{"start":{"line":110,"column":41},"end":{"line":110,"column":75}},"line":110},"7":{"name":"(anonymous_7)","decl":{"start":{"line":114,"column":12},"end":{"line":114,"column":18}},"loc":{"start":{"line":114,"column":18},"end":{"line":134,"column":1}},"line":114},"8":{"name":"(anonymous_8)","decl":{"start":{"line":118,"column":21},"end":{"line":118,"column":22}},"loc":{"start":{"line":118,"column":41},"end":{"line":128,"column":null}},"line":118},"9":{"name":"(anonymous_9)","decl":{"start":{"line":119,"column":20},"end":{"line":119,"column":21}},"loc":{"start":{"line":119,"column":30},"end":{"line":127,"column":7}},"line":119},"10":{"name":"(anonymous_10)","decl":{"start":{"line":130,"column":34},"end":{"line":130,"column":35}},"loc":{"start":{"line":130,"column":45},"end":{"line":130,"column":62}},"line":130},"11":{"name":"(anonymous_11)","decl":{"start":{"line":23,"column":50},"end":{"line":23,"column":null}},"loc":{"start":{"line":23,"column":30},"end":{"line":27,"column":58}},"line":23},"12":{"name":"(anonymous_12)","decl":{"start":{"line":27,"column":12},"end":{"line":27,"column":44}},"loc":{"start":{"line":27,"column":58},"end":{"line":27,"column":58}},"line":27},"13":{"name":"(anonymous_13)","decl":{"start":{"line":36,"column":48},"end":{"line":36,"column":null}},"loc":{"start":{"line":36,"column":28},"end":{"line":40,"column":25}},"line":36},"14":{"name":"(anonymous_14)","decl":{"start":{"line":40,"column":10},"end":{"line":40,"column":13}},"loc":{"start":{"line":40,"column":25},"end":{"line":40,"column":25}},"line":40},"15":{"name":"(anonymous_15)","decl":{"start":{"line":51,"column":42},"end":{"line":51,"column":70}},"loc":{"start":{"line":51,"column":31},"end":{"line":52,"column":55}},"line":51},"16":{"name":"(anonymous_16)","decl":{"start":{"line":52,"column":8},"end":{"line":52,"column":21}},"loc":{"start":{"line":51,"column":70},"end":{"line":52,"column":55}},"line":51}},"branchMap":{"0":{"loc":{"start":{"line":86,"column":32},"end":{"line":86,"column":57}},"type":"binary-expr","locations":[{"start":{"line":86,"column":32},"end":{"line":86,"column":50}},{"start":{"line":86,"column":50},"end":{"line":86,"column":57}}],"line":86},"1":{"loc":{"start":{"line":91,"column":2},"end":{"line":98,"column":null}},"type":"if","locations":[{"start":{"line":91,"column":2},"end":{"line":98,"column":null}},{"start":{},"end":{}}],"line":91},"2":{"loc":{"start":{"line":100,"column":9},"end":{"line":100,"column":null}},"type":"binary-expr","locations":[{"start":{"line":100,"column":9},"end":{"line":100,"column":26}},{"start":{"line":100,"column":26},"end":{"line":100,"column":null}}],"line":100},"3":{"loc":{"start":{"line":105,"column":2},"end":{"line":111,"column":null}},"type":"if","locations":[{"start":{"line":105,"column":2},"end":{"line":111,"column":null}},{"start":{"line":109,"column":9},"end":{"line":111,"column":null}}],"line":105},"4":{"loc":{"start":{"line":115,"column":2},"end":{"line":133,"column":null}},"type":"if","locations":[{"start":{"line":115,"column":2},"end":{"line":133,"column":null}},{"start":{"line":131,"column":9},"end":{"line":133,"column":null}}],"line":115},"5":{"loc":{"start":{"line":116,"column":24},"end":{"line":116,"column":null}},"type":"binary-expr","locations":[{"start":{"line":116,"column":24},"end":{"line":116,"column":69}},{"start":{"line":116,"column":69},"end":{"line":116,"column":null}}],"line":116},"6":{"loc":{"start":{"line":120,"column":8},"end":{"line":126,"column":null}},"type":"if","locations":[{"start":{"line":120,"column":8},"end":{"line":126,"column":null}},{"start":{"line":122,"column":8},"end":{"line":126,"column":null}}],"line":120},"7":{"loc":{"start":{"line":120,"column":12},"end":{"line":120,"column":65}},"type":"binary-expr","locations":[{"start":{"line":120,"column":12},"end":{"line":120,"column":26}},{"start":{"line":120,"column":26},"end":{"line":120,"column":65}}],"line":120},"8":{"loc":{"start":{"line":122,"column":8},"end":{"line":126,"column":null}},"type":"if","locations":[{"start":{"line":122,"column":8},"end":{"line":126,"column":null}},{"start":{"line":124,"column":15},"end":{"line":126,"column":null}}],"line":122},"9":{"loc":{"start":{"line":125,"column":20},"end":{"line":125,"column":51}},"type":"binary-expr","locations":[{"start":{"line":125,"column":20},"end":{"line":125,"column":49}},{"start":{"line":125,"column":49},"end":{"line":125,"column":51}}],"line":125},"10":{"loc":{"start":{"line":130,"column":45},"end":{"line":130,"column":62}},"type":"binary-expr","locations":[{"start":{"line":130,"column":45},"end":{"line":130,"column":60}},{"start":{"line":130,"column":60},"end":{"line":130,"column":62}}],"line":130},"11":{"loc":{"start":{"line":132,"column":21},"end":{"line":132,"column":null}},"type":"binary-expr","locations":[{"start":{"line":132,"column":21},"end":{"line":132,"column":55}},{"start":{"line":132,"column":55},"end":{"line":132,"column":null}}],"line":132},"12":{"loc":{"start":{"line":14,"column":17},"end":{"line":43,"column":37}},"type":"cond-expr","locations":[{"start":{"line":14,"column":24},"end":{"line":18,"column":26}},{"start":{"line":18,"column":19},"end":{"line":43,"column":37}}],"line":14},"13":{"loc":{"start":{"line":18,"column":19},"end":{"line":43,"column":37}},"type":"cond-expr","locations":[{"start":{"line":18,"column":26},"end":{"line":34,"column":28}},{"start":{"line":34,"column":22},"end":{"line":43,"column":37}}],"line":18},"14":{"loc":{"start":{"line":21,"column":24},"end":{"line":31,"column":73}},"type":"cond-expr","locations":[{"start":{"line":21,"column":30},"end":{"line":30,"column":44}},{"start":{"line":30,"column":29},"end":{"line":31,"column":73}}],"line":21},"15":{"loc":{"start":{"line":30,"column":29},"end":{"line":31,"column":73}},"type":"cond-expr","locations":[{"start":{"line":30,"column":44},"end":{"line":31,"column":73}},{"start":{"line":31,"column":57},"end":{"line":31,"column":73}}],"line":30},"16":{"loc":{"start":{"line":34,"column":22},"end":{"line":43,"column":37}},"type":"cond-expr","locations":[{"start":{"line":34,"column":28},"end":{"line":43,"column":22}},{"start":{"line":43,"column":6},"end":{"line":43,"column":37}}],"line":34},"17":{"loc":{"start":{"line":52,"column":35},"end":{"line":52,"column":55}},"type":"binary-expr","locations":[{"start":{"line":52,"column":35},"end":{"line":52,"column":40}},{"start":{"line":52,"column":40},"end":{"line":52,"column":55}}],"line":52}},"s":{"0":12,"1":12,"2":12,"3":12,"4":12,"5":12,"6":12,"7":12,"8":12,"9":11,"10":12,"11":11,"12":11,"13":1,"14":1,"15":1,"16":10,"17":16,"18":10,"19":12,"20":3,"21":3,"22":2,"23":6,"24":1,"25":3,"26":12,"27":24,"28":2,"29":2,"30":2,"31":8,"32":14,"33":8,"34":6,"35":2,"36":4,"37":2,"38":2,"39":8,"40":22,"41":15,"42":2,"43":2,"44":2,"45":2,"46":20},"f":{"0":11,"1":11,"2":1,"3":16,"4":3,"5":6,"6":3,"7":24,"8":8,"9":14,"10":8,"11":2,"12":2,"13":2,"14":2,"15":7,"16":20},"b":{"0":[11,11],"1":[1,10],"2":[10,3],"3":[2,1],"4":[2,22],"5":[2,0],"6":[8,6],"7":[14,14],"8":[2,4],"9":[4,0],"10":[8,0],"11":[22,2],"12":[1,14],"13":[2,12],"14":[1,1],"15":[1,0],"16":[1,11],"17":[20,6]},"meta":{"lastBranch":18,"lastFunction":17,"lastStatement":47,"seen":{"s:73:14:73:Infinity":0,"s:78:6:78:Infinity":1,"s:79:6:79:Infinity":2,"s:80:6:80:Infinity":3,"s:81:6:81:Infinity":4,"s:82:6:82:Infinity":5,"s:83:6:83:Infinity":6,"s:84:6:84:Infinity":7,"s:86:6:86:Infinity":8,"f:86:26:86:32":0,"s:86:32:86:57":9,"b:86:32:86:50:86:50:86:57":0,"s:88:6:101:Infinity":10,"f:88:23:88:29":1,"s:89:25:89:Infinity":11,"b:91:2:98:Infinity:undefined:undefined:undefined:undefined":1,"s:91:2:98:Infinity":12,"s:92:4:96:Infinity":13,"f:93:6:93:7":2,"s:94:8:95:Infinity":14,"s:97:4:97:Infinity":15,"s:99:2:99:Infinity":16,"f:99:30:99:31":3,"s:99:39:99:73":17,"s:100:2:100:Infinity":18,"b:100:9:100:26:100:26:100:Infinity":2,"s:103:6:112:Infinity":19,"f:103:33:103:39":4,"s:104:25:104:Infinity":20,"b:105:2:111:Infinity:109:9:111:Infinity":3,"s:105:2:111:Infinity":21,"s:106:4:108:Infinity":22,"f:106:32:106:33":5,"s:107:6:107:Infinity":23,"s:110:4:110:Infinity":24,"f:110:32:110:33":6,"s:110:41:110:75":25,"s:114:0:134:Infinity":26,"f:114:12:114:18":7,"b:115:2:133:Infinity:131:9:133:Infinity":4,"s:115:2:133:Infinity":27,"s:116:24:116:Infinity":28,"b:116:24:116:69:116:69:116:Infinity":5,"s:117:31:117:Infinity":29,"s:118:21:128:Infinity":30,"f:118:21:118:22":8,"s:119:6:127:Infinity":31,"f:119:20:119:21":9,"b:120:8:126:Infinity:122:8:126:Infinity":6,"s:120:8:126:Infinity":32,"b:120:12:120:26:120:26:120:65":7,"s:121:10:121:Infinity":33,"b:122:8:126:Infinity:124:15:126:Infinity":8,"s:122:8:126:Infinity":34,"s:123:10:123:Infinity":35,"s:125:10:125:Infinity":36,"b:125:20:125:49:125:49:125:51":9,"s:129:4:129:Infinity":37,"s:130:4:130:Infinity":38,"f:130:34:130:35":10,"s:130:45:130:62":39,"b:130:45:130:60:130:60:130:62":10,"s:132:4:132:Infinity":40,"b:132:21:132:55:132:55:132:Infinity":11,"s:2:2:52:55":41,"b:14:24:18:26:18:19:43:37":12,"b:18:26:34:28:34:22:43:37":13,"b:21:30:30:44:30:29:31:73":14,"f:23:50:23:Infinity":11,"s:22:10:27:58":42,"f:27:12:27:44":12,"s:27:58:27:58":43,"b:30:44:31:73:31:57:31:73":15,"b:34:28:43:22:43:6:43:37":16,"f:36:48:36:Infinity":13,"s:35:8:40:25":44,"f:40:10:40:13":14,"s:40:25:40:25":45,"f:51:42:51:70":15,"f:52:8:52:21":16,"s:51:70:52:55":46,"b:52:35:52:40:52:40:52:55":17},"fnNames":{}}}
,"D:\\workspace\\front-end\\vue-form-rw-dispatcher\\packages\\element-plus\\components\\select\\src\\select.tsx": {"path":"D:\\workspace\\front-end\\vue-form-rw-dispatcher\\packages\\element-plus\\components\\select\\src\\select.tsx","statementMap":{"0":{"start":{"line":8,"column":31},"end":{"line":18,"column":2}},"1":{"start":{"line":10,"column":27},"end":{"line":11,"column":73}},"2":{"start":{"line":12,"column":36},"end":{"line":13,"column":null}}},"fnMap":{"0":{"name":"(anonymous_0)","decl":{"start":{"line":10,"column":12},"end":{"line":10,"column":13}},"loc":{"start":{"line":10,"column":27},"end":{"line":11,"column":73}},"line":10},"1":{"name":"(anonymous_1)","decl":{"start":{"line":12,"column":12},"end":{"line":12,"column":13}},"loc":{"start":{"line":12,"column":36},"end":{"line":13,"column":null}},"line":12}},"branchMap":{},"s":{"0":1,"1":1,"2":13},"f":{"0":1,"1":13},"b":{},"meta":{"lastBranch":0,"lastFunction":2,"lastStatement":3,"seen":{"s:8:31:18:2":0,"f:10:12:10:13":0,"s:10:27:11:73":1,"f:12:12:12:13":1,"s:12:36:13:Infinity":2},"fnNames":{}}}
}
