{"D:\\workspace\\front-end\\vue-form-rw-dispatcher\\packages\\element-plus\\components\\input\\index.ts": {"path":"D:\\workspace\\front-end\\vue-form-rw-dispatcher\\packages\\element-plus\\components\\input\\index.ts","statementMap":{},"fnMap":{},"branchMap":{},"s":{},"f":{},"b":{},"meta":{"lastBranch":0,"lastFunction":0,"lastStatement":0,"seen":{},"fnNames":{}}}
,"D:\\workspace\\front-end\\vue-form-rw-dispatcher\\packages\\element-plus\\components\\input\\src\\input.tsx": {"path":"D:\\workspace\\front-end\\vue-form-rw-dispatcher\\packages\\element-plus\\components\\input\\src\\input.tsx","statementMap":{"0":{"start":{"line":8,"column":30},"end":{"line":18,"column":2}},"1":{"start":{"line":10,"column":27},"end":{"line":11,"column":70}},"2":{"start":{"line":12,"column":36},"end":{"line":13,"column":null}}},"fnMap":{"0":{"name":"(anonymous_0)","decl":{"start":{"line":10,"column":12},"end":{"line":10,"column":13}},"loc":{"start":{"line":10,"column":27},"end":{"line":11,"column":70}},"line":10},"1":{"name":"(anonymous_1)","decl":{"start":{"line":12,"column":12},"end":{"line":12,"column":13}},"loc":{"start":{"line":12,"column":36},"end":{"line":13,"column":null}},"line":12}},"branchMap":{},"s":{"0":1,"1":2,"2":7},"f":{"0":2,"1":7},"b":{},"meta":{"lastBranch":0,"lastFunction":2,"lastStatement":3,"seen":{"s:8:30:18:2":0,"f:10:12:10:13":0,"s:10:27:11:70":1,"f:12:12:12:13":1,"s:12:36:13:Infinity":2},"fnNames":{}}}
,"D:\\workspace\\front-end\\vue-form-rw-dispatcher\\packages\\element-plus\\components\\input\\src\\reader.vue": {"path":"D:\\workspace\\front-end\\vue-form-rw-dispatcher\\packages\\element-plus\\components\\input\\src\\reader.vue","statementMap":{"0":{"start":{"line":62,"column":14},"end":{"line":62,"column":null}},"1":{"start":{"line":67,"column":35},"end":{"line":67,"column":null}},"2":{"start":{"line":68,"column":6},"end":{"line":68,"column":null}},"3":{"start":{"line":69,"column":6},"end":{"line":69,"column":null}},"4":{"start":{"line":70,"column":6},"end":{"line":70,"column":null}},"5":{"start":{"line":71,"column":6},"end":{"line":71,"column":null}},"6":{"start":{"line":72,"column":6},"end":{"line":72,"column":null}},"7":{"start":{"line":74,"column":6},"end":{"line":74,"column":null}},"8":{"start":{"line":74,"column":37},"end":{"line":74,"column":73}},"9":{"start":{"line":76,"column":6},"end":{"line":88,"column":null}},"10":{"start":{"line":77,"column":36},"end":{"line":77,"column":null}},"11":{"start":{"line":78,"column":2},"end":{"line":80,"column":null}},"12":{"start":{"line":79,"column":4},"end":{"line":79,"column":null}},"13":{"start":{"line":81,"column":2},"end":{"line":86,"column":null}},"14":{"start":{"line":85,"column":4},"end":{"line":85,"column":null}},"15":{"start":{"line":87,"column":2},"end":{"line":87,"column":null}},"16":{"start":{"line":2,"column":2},"end":{"line":48,"column":16}},"17":{"start":{"line":23,"column":38},"end":{"line":23,"column":38}},"18":{"start":{"line":31,"column":38},"end":{"line":31,"column":38}},"19":{"start":{"line":46,"column":14},"end":{"line":46,"column":null}},"20":{"start":{"line":48,"column":6},"end":{"line":48,"column":16}}},"fnMap":{"0":{"name":"(anonymous_0)","decl":{"start":{"line":74,"column":30},"end":{"line":74,"column":37}},"loc":{"start":{"line":74,"column":37},"end":{"line":74,"column":73}},"line":74},"1":{"name":"(anonymous_1)","decl":{"start":{"line":76,"column":23},"end":{"line":76,"column":29}},"loc":{"start":{"line":76,"column":29},"end":{"line":88,"column":1}},"line":76},"2":{"name":"(anonymous_2)","decl":{"start":{"line":23,"column":8},"end":{"line":23,"column":24}},"loc":{"start":{"line":23,"column":38},"end":{"line":23,"column":38}},"line":23},"3":{"name":"(anonymous_3)","decl":{"start":{"line":31,"column":8},"end":{"line":31,"column":24}},"loc":{"start":{"line":31,"column":38},"end":{"line":31,"column":38}},"line":31},"4":{"name":"(anonymous_4)","decl":{"start":{"line":46,"column":12},"end":{"line":46,"column":14}},"loc":{"start":{"line":46,"column":14},"end":{"line":46,"column":null}},"line":46},"5":{"name":"(anonymous_5)","decl":{"start":{"line":47,"column":7},"end":{"line":47,"column":null}},"loc":{"start":{"line":48,"column":6},"end":{"line":48,"column":16}},"line":48}},"branchMap":{"0":{"loc":{"start":{"line":74,"column":37},"end":{"line":74,"column":73}},"type":"cond-expr","locations":[{"start":{"line":74,"column":61},"end":{"line":74,"column":68}},{"start":{"line":74,"column":68},"end":{"line":74,"column":73}}],"line":74},"1":{"loc":{"start":{"line":78,"column":2},"end":{"line":80,"column":null}},"type":"if","locations":[{"start":{"line":78,"column":2},"end":{"line":80,"column":null}},{"start":{},"end":{}}],"line":78},"2":{"loc":{"start":{"line":81,"column":2},"end":{"line":86,"column":null}},"type":"if","locations":[{"start":{"line":81,"column":2},"end":{"line":86,"column":null}},{"start":{},"end":{}}],"line":81},"3":{"loc":{"start":{"line":82,"column":5},"end":{"line":83,"column":null}},"type":"binary-expr","locations":[{"start":{"line":82,"column":5},"end":{"line":82,"column":null}},{"start":{"line":83,"column":4},"end":{"line":83,"column":null}}],"line":82},"4":{"loc":{"start":{"line":13,"column":16},"end":{"line":14,"column":null}},"type":"cond-expr","locations":[{"start":{"line":13,"column":23},"end":{"line":14,"column":null}}],"line":13},"5":{"loc":{"start":{"line":17,"column":16},"end":{"line":18,"column":null}},"type":"cond-expr","locations":[{"start":{"line":17,"column":23},"end":{"line":18,"column":null}}],"line":17},"6":{"loc":{"start":{"line":21,"column":16},"end":{"line":23,"column":38}},"type":"cond-expr","locations":[{"start":{"line":21,"column":16},"end":{"line":23,"column":38}}],"line":21},"7":{"loc":{"start":{"line":29,"column":16},"end":{"line":31,"column":38}},"type":"cond-expr","locations":[{"start":{"line":29,"column":16},"end":{"line":31,"column":38}}],"line":29},"8":{"loc":{"start":{"line":35,"column":16},"end":{"line":36,"column":null}},"type":"cond-expr","locations":[{"start":{"line":35,"column":23},"end":{"line":36,"column":null}}],"line":35},"9":{"loc":{"start":{"line":39,"column":16},"end":{"line":40,"column":null}},"type":"cond-expr","locations":[{"start":{"line":39,"column":23},"end":{"line":40,"column":null}}],"line":39},"10":{"loc":{"start":{"line":44,"column":12},"end":{"line":48,"column":16}},"type":"cond-expr","locations":[{"start":{"line":44,"column":18},"end":{"line":48,"column":16}}],"line":44},"11":{"loc":{"start":{"line":46,"column":12},"end":{"line":46,"column":null}},"type":"binary-expr","locations":[{"start":{"line":46,"column":12},"end":{"line":46,"column":14}},{"start":{"line":46,"column":12},"end":{"line":46,"column":null}}],"line":46}},"s":{"0":5,"1":5,"2":5,"3":5,"4":5,"5":5,"6":5,"7":5,"8":1,"9":5,"10":7,"11":7,"12":2,"13":5,"14":1,"15":4,"16":7,"17":0,"18":1,"19":0,"20":1},"f":{"0":1,"1":7,"2":0,"3":1,"4":0,"5":1},"b":{"0":[0,1],"1":[2,5],"2":[1,4],"3":[5,1],"4":[0],"5":[0],"6":[0],"7":[1],"8":[0],"9":[0],"10":[1],"11":[1,1]},"meta":{"lastBranch":12,"lastFunction":6,"lastStatement":21,"seen":{"s:62:14:62:Infinity":0,"s:67:35:67:Infinity":1,"s:68:6:68:Infinity":2,"s:69:6:69:Infinity":3,"s:70:6:70:Infinity":4,"s:71:6:71:Infinity":5,"s:72:6:72:Infinity":6,"s:74:6:74:Infinity":7,"f:74:30:74:37":0,"s:74:37:74:73":8,"b:74:61:74:68:74:68:74:73":0,"s:76:6:88:Infinity":9,"f:76:23:76:29":1,"s:77:36:77:Infinity":10,"b:78:2:80:Infinity:undefined:undefined:undefined:undefined":1,"s:78:2:80:Infinity":11,"s:79:4:79:Infinity":12,"b:81:2:86:Infinity:undefined:undefined:undefined:undefined":2,"s:81:2:86:Infinity":13,"b:82:5:82:Infinity:83:4:83:Infinity":3,"s:85:4:85:Infinity":14,"s:87:2:87:Infinity":15,"s:2:2:48:16":16,"b:13:23:14:Infinity":4,"b:17:23:18:Infinity":5,"b:21:16:23:38":6,"f:23:8:23:24":2,"s:23:38:23:38":17,"b:29:16:31:38":7,"f:31:8:31:24":3,"s:31:38:31:38":18,"b:35:23:36:Infinity":8,"b:39:23:40:Infinity":9,"b:44:18:48:16":10,"b:46:12:46:14:46:12:46:Infinity":11,"f:46:12:46:14":4,"s:46:14:46:Infinity":19,"f:47:7:47:Infinity":5,"s:48:6:48:16":20},"fnNames":{}}}
}
